Analysis & Synthesis report for top
Tue Oct 15 09:47:40 2019
Quartus Prime Version 18.1.0 Build 625 09/12/2018 SJ Lite Edition


---------------------
; Table of Contents ;
---------------------
  1. Legal Notice
  2. Analysis & Synthesis Summary
  3. Analysis & Synthesis Settings
  4. Parallel Compilation
  5. Analysis & Synthesis Source Files Read
  6. Analysis & Synthesis Resource Usage Summary
  7. Analysis & Synthesis Resource Utilization by Entity
  8. State Machine - |top|controller:ct|state
  9. User-Specified and Inferred Latches
 10. Registers Removed During Synthesis
 11. General Register Statistics
 12. Inverted Register Statistics
 13. Multiplexer Restructuring Statistics (Restructuring Performed)
 14. Post-Synthesis Netlist Statistics for Top Partition
 15. Elapsed Time Per Partition
 16. Analysis & Synthesis Messages



----------------
; Legal Notice ;
----------------
Copyright (C) 2018  Intel Corporation. All rights reserved.
Your use of Intel Corporation's design tools, logic functions 
and other software and tools, and its AMPP partner logic 
functions, and any output files from any of the foregoing 
(including device programming or simulation files), and any 
associated documentation or information are expressly subject 
to the terms and conditions of the Intel Program License 
Subscription Agreement, the Intel Quartus Prime License Agreement,
the Intel FPGA IP License Agreement, or other applicable license
agreement, including, without limitation, that your use is for
the sole purpose of programming logic devices manufactured by
Intel and sold by Intel or its authorized distributors.  Please
refer to the applicable agreement for further details.



+----------------------------------------------------------------------------------+
; Analysis & Synthesis Summary                                                     ;
+------------------------------------+---------------------------------------------+
; Analysis & Synthesis Status        ; Successful - Tue Oct 15 09:47:40 2019       ;
; Quartus Prime Version              ; 18.1.0 Build 625 09/12/2018 SJ Lite Edition ;
; Revision Name                      ; top                                         ;
; Top-level Entity Name              ; top                                         ;
; Family                             ; Cyclone IV E                                ;
; Total logic elements               ; 130                                         ;
;     Total combinational functions  ; 127                                         ;
;     Dedicated logic registers      ; 64                                          ;
; Total registers                    ; 64                                          ;
; Total pins                         ; 17                                          ;
; Total virtual pins                 ; 0                                           ;
; Total memory bits                  ; 0                                           ;
; Embedded Multiplier 9-bit elements ; 0                                           ;
; Total PLLs                         ; 0                                           ;
+------------------------------------+---------------------------------------------+


+------------------------------------------------------------------------------------------------------------+
; Analysis & Synthesis Settings                                                                              ;
+------------------------------------------------------------------+--------------------+--------------------+
; Option                                                           ; Setting            ; Default Value      ;
+------------------------------------------------------------------+--------------------+--------------------+
; Device                                                           ; EP4CE6E22C8        ;                    ;
; Top-level entity name                                            ; top                ; top                ;
; Family name                                                      ; Cyclone IV E       ; Cyclone V          ;
; Use smart compilation                                            ; Off                ; Off                ;
; Enable parallel Assembler and Timing Analyzer during compilation ; On                 ; On                 ;
; Enable compact report table                                      ; Off                ; Off                ;
; Restructure Multiplexers                                         ; Auto               ; Auto               ;
; Create Debugging Nodes for IP Cores                              ; Off                ; Off                ;
; Preserve fewer node names                                        ; On                 ; On                 ;
; Intel FPGA IP Evaluation Mode                                    ; Enable             ; Enable             ;
; Verilog Version                                                  ; Verilog_2001       ; Verilog_2001       ;
; VHDL Version                                                     ; VHDL_1993          ; VHDL_1993          ;
; State Machine Processing                                         ; Auto               ; Auto               ;
; Safe State Machine                                               ; Off                ; Off                ;
; Extract Verilog State Machines                                   ; On                 ; On                 ;
; Extract VHDL State Machines                                      ; On                 ; On                 ;
; Ignore Verilog initial constructs                                ; Off                ; Off                ;
; Iteration limit for constant Verilog loops                       ; 5000               ; 5000               ;
; Iteration limit for non-constant Verilog loops                   ; 250                ; 250                ;
; Add Pass-Through Logic to Inferred RAMs                          ; On                 ; On                 ;
; Infer RAMs from Raw Logic                                        ; On                 ; On                 ;
; Parallel Synthesis                                               ; On                 ; On                 ;
; DSP Block Balancing                                              ; Auto               ; Auto               ;
; NOT Gate Push-Back                                               ; On                 ; On                 ;
; Power-Up Don't Care                                              ; On                 ; On                 ;
; Remove Redundant Logic Cells                                     ; Off                ; Off                ;
; Remove Duplicate Registers                                       ; On                 ; On                 ;
; Ignore CARRY Buffers                                             ; Off                ; Off                ;
; Ignore CASCADE Buffers                                           ; Off                ; Off                ;
; Ignore GLOBAL Buffers                                            ; Off                ; Off                ;
; Ignore ROW GLOBAL Buffers                                        ; Off                ; Off                ;
; Ignore LCELL Buffers                                             ; Off                ; Off                ;
; Ignore SOFT Buffers                                              ; On                 ; On                 ;
; Limit AHDL Integers to 32 Bits                                   ; Off                ; Off                ;
; Optimization Technique                                           ; Balanced           ; Balanced           ;
; Carry Chain Length                                               ; 70                 ; 70                 ;
; Auto Carry Chains                                                ; On                 ; On                 ;
; Auto Open-Drain Pins                                             ; On                 ; On                 ;
; Perform WYSIWYG Primitive Resynthesis                            ; Off                ; Off                ;
; Auto ROM Replacement                                             ; On                 ; On                 ;
; Auto RAM Replacement                                             ; On                 ; On                 ;
; Auto DSP Block Replacement                                       ; On                 ; On                 ;
; Auto Shift Register Replacement                                  ; Auto               ; Auto               ;
; Allow Shift Register Merging across Hierarchies                  ; Auto               ; Auto               ;
; Auto Clock Enable Replacement                                    ; On                 ; On                 ;
; Strict RAM Replacement                                           ; Off                ; Off                ;
; Allow Synchronous Control Signals                                ; On                 ; On                 ;
; Force Use of Synchronous Clear Signals                           ; Off                ; Off                ;
; Auto RAM Block Balancing                                         ; On                 ; On                 ;
; Auto RAM to Logic Cell Conversion                                ; Off                ; Off                ;
; Auto Resource Sharing                                            ; Off                ; Off                ;
; Allow Any RAM Size For Recognition                               ; Off                ; Off                ;
; Allow Any ROM Size For Recognition                               ; Off                ; Off                ;
; Allow Any Shift Register Size For Recognition                    ; Off                ; Off                ;
; Use LogicLock Constraints during Resource Balancing              ; On                 ; On                 ;
; Ignore translate_off and synthesis_off directives                ; Off                ; Off                ;
; Timing-Driven Synthesis                                          ; On                 ; On                 ;
; Report Parameter Settings                                        ; On                 ; On                 ;
; Report Source Assignments                                        ; On                 ; On                 ;
; Report Connectivity Checks                                       ; On                 ; On                 ;
; Ignore Maximum Fan-Out Assignments                               ; Off                ; Off                ;
; Synchronization Register Chain Length                            ; 2                  ; 2                  ;
; Power Optimization During Synthesis                              ; Normal compilation ; Normal compilation ;
; HDL message level                                                ; Level2             ; Level2             ;
; Suppress Register Optimization Related Messages                  ; Off                ; Off                ;
; Number of Removed Registers Reported in Synthesis Report         ; 5000               ; 5000               ;
; Number of Swept Nodes Reported in Synthesis Report               ; 5000               ; 5000               ;
; Number of Inverted Registers Reported in Synthesis Report        ; 100                ; 100                ;
; Clock MUX Protection                                             ; On                 ; On                 ;
; Auto Gated Clock Conversion                                      ; Off                ; Off                ;
; Block Design Naming                                              ; Auto               ; Auto               ;
; SDC constraint protection                                        ; Off                ; Off                ;
; Synthesis Effort                                                 ; Auto               ; Auto               ;
; Shift Register Replacement - Allow Asynchronous Clear Signal     ; On                 ; On                 ;
; Pre-Mapping Resynthesis Optimization                             ; Off                ; Off                ;
; Analysis & Synthesis Message Level                               ; Medium             ; Medium             ;
; Disable Register Merging Across Hierarchies                      ; Auto               ; Auto               ;
; Resource Aware Inference For Block RAM                           ; On                 ; On                 ;
+------------------------------------------------------------------+--------------------+--------------------+


+------------------------------------------+
; Parallel Compilation                     ;
+----------------------------+-------------+
; Processors                 ; Number      ;
+----------------------------+-------------+
; Number detected on machine ; 8           ;
; Maximum allowed            ; 4           ;
;                            ;             ;
; Average used               ; 1.00        ;
; Maximum used               ; 4           ;
;                            ;             ;
; Usage by Processor         ; % Time Used ;
;     Processor 1            ; 100.0%      ;
;     Processor 2            ;   0.0%      ;
;     Processors 3-4         ;   0.0%      ;
+----------------------------+-------------+


+----------------------------------------------------------------------------------------------------------------------------------------------------------+
; Analysis & Synthesis Source Files Read                                                                                                                   ;
+----------------------------------+-----------------+-----------------+-------------------------------------------------------------------------+---------+
; File Name with User-Entered Path ; Used in Netlist ; File Type       ; File Name with Absolute Path                                            ; Library ;
+----------------------------------+-----------------+-----------------+-------------------------------------------------------------------------+---------+
; top.vhd                          ; yes             ; User VHDL File  ; C:/Users/Erica/Desktop/New folder (2)/a3/updowncounter/top.vhd          ;         ;
; clockDiv.vhd                     ; yes             ; User VHDL File  ; C:/Users/Erica/Desktop/New folder (2)/a3/updowncounter/clockDiv.vhd     ;         ;
; binaryCtr.vhd                    ; yes             ; User VHDL File  ; C:/Users/Erica/Desktop/New folder (2)/a3/updowncounter/binaryCtr.vhd    ;         ;
; binToGray.vhd                    ; yes             ; User VHDL File  ; C:/Users/Erica/Desktop/New folder (2)/a3/updowncounter/binToGray.vhd    ;         ;
; grayToDigits.vhd                 ; yes             ; User VHDL File  ; C:/Users/Erica/Desktop/New folder (2)/a3/updowncounter/grayToDigits.vhd ;         ;
; digitToDisp.vhd                  ; yes             ; User VHDL File  ; C:/Users/Erica/Desktop/New folder (2)/a3/updowncounter/digitToDisp.vhd  ;         ;
; selector.vhd                     ; yes             ; User VHDL File  ; C:/Users/Erica/Desktop/New folder (2)/a3/updowncounter/selector.vhd     ;         ;
; controller.vhd                   ; yes             ; User VHDL File  ; C:/Users/Erica/Desktop/New folder (2)/a3/updowncounter/controller.vhd   ;         ;
+----------------------------------+-----------------+-----------------+-------------------------------------------------------------------------+---------+


+-----------------------------------------------------------+
; Analysis & Synthesis Resource Usage Summary               ;
+---------------------------------------------+-------------+
; Resource                                    ; Usage       ;
+---------------------------------------------+-------------+
; Estimated Total logic elements              ; 130         ;
;                                             ;             ;
; Total combinational functions               ; 127         ;
; Logic element usage by number of LUT inputs ;             ;
;     -- 4 input functions                    ; 40          ;
;     -- 3 input functions                    ; 33          ;
;     -- <=2 input functions                  ; 54          ;
;                                             ;             ;
; Logic elements by mode                      ;             ;
;     -- normal mode                          ; 81          ;
;     -- arithmetic mode                      ; 46          ;
;                                             ;             ;
; Total registers                             ; 64          ;
;     -- Dedicated logic registers            ; 64          ;
;     -- I/O registers                        ; 0           ;
;                                             ;             ;
; I/O pins                                    ; 17          ;
;                                             ;             ;
; Embedded Multiplier 9-bit elements          ; 0           ;
;                                             ;             ;
; Maximum fan-out node                        ; clock~input ;
; Maximum fan-out                             ; 48          ;
; Total fan-out                               ; 554         ;
; Average fan-out                             ; 2.46        ;
+---------------------------------------------+-------------+


+----------------------------------------------------------------------------------------------------------------------------------------------------------------------------------------------------------+
; Analysis & Synthesis Resource Utilization by Entity                                                                                                                                                      ;
+----------------------------+---------------------+---------------------------+-------------+--------------+---------+-----------+------+--------------+---------------------+-------------+--------------+
; Compilation Hierarchy Node ; Combinational ALUTs ; Dedicated Logic Registers ; Memory Bits ; DSP Elements ; DSP 9x9 ; DSP 18x18 ; Pins ; Virtual Pins ; Full Hierarchy Name ; Entity Name ; Library Name ;
+----------------------------+---------------------+---------------------------+-------------+--------------+---------+-----------+------+--------------+---------------------+-------------+--------------+
; |top                       ; 127 (0)             ; 64 (0)                    ; 0           ; 0            ; 0       ; 0         ; 17   ; 0            ; |top                ; top         ; work         ;
;    |binaryCtr:c|           ; 20 (20)             ; 7 (7)                     ; 0           ; 0            ; 0       ; 0         ; 0    ; 0            ; |top|binaryCtr:c    ; binaryCtr   ; work         ;
;    |clockDiv:f|            ; 47 (47)             ; 27 (27)                   ; 0           ; 0            ; 0       ; 0         ; 0    ; 0            ; |top|clockDiv:f     ; clockDiv    ; work         ;
;    |controller:ct|         ; 5 (5)               ; 5 (5)                     ; 0           ; 0            ; 0       ; 0         ; 0    ; 0            ; |top|controller:ct  ; controller  ; work         ;
;    |digitToDisp:dd|        ; 7 (7)               ; 0 (0)                     ; 0           ; 0            ; 0       ; 0         ; 0    ; 0            ; |top|digitToDisp:dd ; digitToDisp ; work         ;
;    |selector:s|            ; 48 (48)             ; 25 (25)                   ; 0           ; 0            ; 0       ; 0         ; 0    ; 0            ; |top|selector:s     ; selector    ; work         ;
+----------------------------+---------------------+---------------------------+-------------+--------------+---------+-----------+------+--------------+---------------------+-------------+--------------+
Note: For table entries with two numbers listed, the numbers in parentheses indicate the number of resources of the given type used by the specific entity alone. The numbers listed outside of parentheses indicate the total resources of the given type used by the specific entity and all of its sub-entities in the hierarchy.


Encoding Type:  One-Hot
+-------------------------------------------------------------------+
; State Machine - |top|controller:ct|state                          ;
+------------------+------------------+----------------+------------+
; Name             ; state.count_down ; state.count_up ; state.stop ;
+------------------+------------------+----------------+------------+
; state.stop       ; 0                ; 0              ; 0          ;
; state.count_up   ; 0                ; 1              ; 1          ;
; state.count_down ; 1                ; 0              ; 1          ;
+------------------+------------------+----------------+------------+


+---------------------------------------------------------------------------------------------------+
; User-Specified and Inferred Latches                                                               ;
+----------------------------------------------------+---------------------+------------------------+
; Latch Name                                         ; Latch Enable Signal ; Free of Timing Hazards ;
+----------------------------------------------------+---------------------+------------------------+
; grayToDigits:gd|disp1[1]                           ; VCC                 ; yes                    ;
; grayToDigits:gd|disp1[2]                           ; VCC                 ; yes                    ;
; Number of user-specified and inferred latches = 2  ;                     ;                        ;
+----------------------------------------------------+---------------------+------------------------+
Note: All latches listed above may not be present at the end of synthesis due to various synthesis optimizations.


+--------------------------------------------------------------------------------+
; Registers Removed During Synthesis                                             ;
+---------------------------------------+----------------------------------------+
; Register name                         ; Reason for Removal                     ;
+---------------------------------------+----------------------------------------+
; selector:s|di[2,3]                    ; Stuck at VCC due to stuck port data_in ;
; controller:ct|state.stop              ; Lost fanout                            ;
; controller:ct|state.count_up          ; Lost fanout                            ;
; controller:ct|state.count_down        ; Lost fanout                            ;
; Total Number of Removed Registers = 5 ;                                        ;
+---------------------------------------+----------------------------------------+


+------------------------------------------------------+
; General Register Statistics                          ;
+----------------------------------------------+-------+
; Statistic                                    ; Value ;
+----------------------------------------------+-------+
; Total registers                              ; 64    ;
; Number of registers using Synchronous Clear  ; 0     ;
; Number of registers using Synchronous Load   ; 0     ;
; Number of registers using Asynchronous Clear ; 9     ;
; Number of registers using Asynchronous Load  ; 0     ;
; Number of registers using Clock Enable       ; 32    ;
; Number of registers using Preset             ; 0     ;
+----------------------------------------------+-------+


+--------------------------------------------------+
; Inverted Register Statistics                     ;
+----------------------------------------+---------+
; Inverted Register                      ; Fan out ;
+----------------------------------------+---------+
; binaryCtr:c|ctr[1]                     ; 8       ;
; binaryCtr:c|ctr[3]                     ; 12      ;
; controller:ct|ctlBus[2]                ; 12      ;
; controller:ct|mode                     ; 4       ;
; controller:ct|stp                      ; 3       ;
; Total number of inverted registers = 5 ;         ;
+----------------------------------------+---------+


+------------------------------------------------------------------------------------------------------------------------------------------+
; Multiplexer Restructuring Statistics (Restructuring Performed)                                                                           ;
+--------------------+-----------+---------------+----------------------+------------------------+------------+----------------------------+
; Multiplexer Inputs ; Bus Width ; Baseline Area ; Area if Restructured ; Saving if Restructured ; Registered ; Example Multiplexer Output ;
+--------------------+-----------+---------------+----------------------+------------------------+------------+----------------------------+
; 3:1                ; 5 bits    ; 10 LEs        ; 5 LEs                ; 5 LEs                  ; Yes        ; |top|binaryCtr:c|ctr[3]    ;
+--------------------+-----------+---------------+----------------------+------------------------+------------+----------------------------+


+-----------------------------------------------------+
; Post-Synthesis Netlist Statistics for Top Partition ;
+-----------------------+-----------------------------+
; Type                  ; Count                       ;
+-----------------------+-----------------------------+
; boundary_port         ; 17                          ;
; cycloneiii_ff         ; 64                          ;
;     CLR               ; 3                           ;
;     ENA               ; 26                          ;
;     ENA CLR           ; 6                           ;
;     plain             ; 29                          ;
; cycloneiii_lcell_comb ; 129                         ;
;     arith             ; 46                          ;
;         2 data inputs ; 42                          ;
;         3 data inputs ; 4                           ;
;     normal            ; 83                          ;
;         0 data inputs ; 1                           ;
;         1 data inputs ; 9                           ;
;         2 data inputs ; 4                           ;
;         3 data inputs ; 29                          ;
;         4 data inputs ; 40                          ;
;                       ;                             ;
; Max LUT depth         ; 5.00                        ;
; Average LUT depth     ; 3.21                        ;
+-----------------------+-----------------------------+


+-------------------------------+
; Elapsed Time Per Partition    ;
+----------------+--------------+
; Partition Name ; Elapsed Time ;
+----------------+--------------+
; Top            ; 00:00:00     ;
+----------------+--------------+


+-------------------------------+
; Analysis & Synthesis Messages ;
+-------------------------------+
Info: *******************************************************************
Info: Running Quartus Prime Analysis & Synthesis
    Info: Version 18.1.0 Build 625 09/12/2018 SJ Lite Edition
    Info: Processing started: Tue Oct 15 09:47:27 2019
Info: Command: quartus_map --read_settings_files=on --write_settings_files=off updowncounter -c top
Warning (18236): Number of processors has not been specified which may cause overloading on shared machines.  Set the global assignment NUM_PARALLEL_PROCESSORS in your QSF to an appropriate value for best performance.
Info (20030): Parallel compilation is enabled and will use 4 of the 4 processors detected
Info (12021): Found 2 design units, including 1 entities, in source file top.vhd
    Info (12022): Found design unit 1: top-behav File: C:/Users/Erica/Desktop/New folder (2)/a3/updowncounter/top.vhd Line: 12
    Info (12023): Found entity 1: top File: C:/Users/Erica/Desktop/New folder (2)/a3/updowncounter/top.vhd Line: 4
Info (12021): Found 2 design units, including 1 entities, in source file clockdiv.vhd
    Info (12022): Found design unit 1: clockDiv-behav File: C:/Users/Erica/Desktop/New folder (2)/a3/updowncounter/clockDiv.vhd Line: 10
    Info (12023): Found entity 1: clockDiv File: C:/Users/Erica/Desktop/New folder (2)/a3/updowncounter/clockDiv.vhd Line: 4
Info (12021): Found 2 design units, including 1 entities, in source file binaryctr.vhd
    Info (12022): Found design unit 1: binaryCtr-behav File: C:/Users/Erica/Desktop/New folder (2)/a3/updowncounter/binaryCtr.vhd Line: 15
    Info (12023): Found entity 1: binaryCtr File: C:/Users/Erica/Desktop/New folder (2)/a3/updowncounter/binaryCtr.vhd Line: 7
Warning (12018): Entity "jkff" will be ignored because it conflicts with Quartus Prime primitive name File: C:/Users/Erica/Desktop/New folder (2)/a3/updowncounter/jkff.vhd Line: 4
Info (12021): Found 2 design units, including 1 entities, in source file jkff.vhd
    Info (12022): Found design unit 1: jkff-behav File: C:/Users/Erica/Desktop/New folder (2)/a3/updowncounter/jkff.vhd Line: 9
Warning (12018): Entity "tff" will be ignored because it conflicts with Quartus Prime primitive name File: C:/Users/Erica/Desktop/New folder (2)/a3/updowncounter/tffvhd.vhd Line: 4
Info (12021): Found 2 design units, including 1 entities, in source file tffvhd.vhd
    Info (12022): Found design unit 1: tff-behav File: C:/Users/Erica/Desktop/New folder (2)/a3/updowncounter/tffvhd.vhd Line: 9
Info (12021): Found 2 design units, including 1 entities, in source file bintogray.vhd
    Info (12022): Found design unit 1: binToGray-behav File: C:/Users/Erica/Desktop/New folder (2)/a3/updowncounter/binToGray.vhd Line: 9
    Info (12023): Found entity 1: binToGray File: C:/Users/Erica/Desktop/New folder (2)/a3/updowncounter/binToGray.vhd Line: 4
Info (12021): Found 2 design units, including 1 entities, in source file graytodigits.vhd
    Info (12022): Found design unit 1: grayToDigits-behav File: C:/Users/Erica/Desktop/New folder (2)/a3/updowncounter/grayToDigits.vhd Line: 10
    Info (12023): Found entity 1: grayToDigits File: C:/Users/Erica/Desktop/New folder (2)/a3/updowncounter/grayToDigits.vhd Line: 4
Info (12021): Found 2 design units, including 1 entities, in source file digittodisp.vhd
    Info (12022): Found design unit 1: digitToDisp-behav File: C:/Users/Erica/Desktop/New folder (2)/a3/updowncounter/digitToDisp.vhd Line: 9
    Info (12023): Found entity 1: digitToDisp File: C:/Users/Erica/Desktop/New folder (2)/a3/updowncounter/digitToDisp.vhd Line: 4
Info (12021): Found 2 design units, including 1 entities, in source file selector.vhd
    Info (12022): Found design unit 1: selector-behav File: C:/Users/Erica/Desktop/New folder (2)/a3/updowncounter/selector.vhd Line: 11
    Info (12023): Found entity 1: selector File: C:/Users/Erica/Desktop/New folder (2)/a3/updowncounter/selector.vhd Line: 4
Info (12021): Found 2 design units, including 1 entities, in source file controller.vhd
    Info (12022): Found design unit 1: controller-behav File: C:/Users/Erica/Desktop/New folder (2)/a3/updowncounter/controller.vhd Line: 10
    Info (12023): Found entity 1: controller File: C:/Users/Erica/Desktop/New folder (2)/a3/updowncounter/controller.vhd Line: 4
Info (12127): Elaborating entity "top" for the top level hierarchy
Info (12128): Elaborating entity "controller" for hierarchy "controller:ct" File: C:/Users/Erica/Desktop/New folder (2)/a3/updowncounter/top.vhd Line: 69
Warning (10492): VHDL Process Statement warning at controller.vhd(23): signal "mode" is read inside the Process Statement but isn't in the Process Statement's sensitivity list File: C:/Users/Erica/Desktop/New folder (2)/a3/updowncounter/controller.vhd Line: 23
Info (12128): Elaborating entity "clockDiv" for hierarchy "clockDiv:f" File: C:/Users/Erica/Desktop/New folder (2)/a3/updowncounter/top.vhd Line: 74
Warning (10492): VHDL Process Statement warning at clockDiv.vhd(19): signal "en" is read inside the Process Statement but isn't in the Process Statement's sensitivity list File: C:/Users/Erica/Desktop/New folder (2)/a3/updowncounter/clockDiv.vhd Line: 19
Info (12128): Elaborating entity "binaryCtr" for hierarchy "binaryCtr:c" File: C:/Users/Erica/Desktop/New folder (2)/a3/updowncounter/top.vhd Line: 75
Warning (10492): VHDL Process Statement warning at binaryCtr.vhd(25): signal "mode" is read inside the Process Statement but isn't in the Process Statement's sensitivity list File: C:/Users/Erica/Desktop/New folder (2)/a3/updowncounter/binaryCtr.vhd Line: 25
Info (12128): Elaborating entity "binToGray" for hierarchy "binToGray:g" File: C:/Users/Erica/Desktop/New folder (2)/a3/updowncounter/top.vhd Line: 76
Info (12128): Elaborating entity "grayToDigits" for hierarchy "grayToDigits:gd" File: C:/Users/Erica/Desktop/New folder (2)/a3/updowncounter/top.vhd Line: 77
Warning (10036): Verilog HDL or VHDL warning at grayToDigits.vhd(16): object "D" assigned a value but never read File: C:/Users/Erica/Desktop/New folder (2)/a3/updowncounter/grayToDigits.vhd Line: 16
Warning (10492): VHDL Process Statement warning at grayToDigits.vhd(31): signal "g54" is read inside the Process Statement but isn't in the Process Statement's sensitivity list File: C:/Users/Erica/Desktop/New folder (2)/a3/updowncounter/grayToDigits.vhd Line: 31
Warning (10492): VHDL Process Statement warning at grayToDigits.vhd(34): signal "A" is read inside the Process Statement but isn't in the Process Statement's sensitivity list File: C:/Users/Erica/Desktop/New folder (2)/a3/updowncounter/grayToDigits.vhd Line: 34
Warning (10492): VHDL Process Statement warning at grayToDigits.vhd(34): signal "B" is read inside the Process Statement but isn't in the Process Statement's sensitivity list File: C:/Users/Erica/Desktop/New folder (2)/a3/updowncounter/grayToDigits.vhd Line: 34
Warning (10492): VHDL Process Statement warning at grayToDigits.vhd(34): signal "C" is read inside the Process Statement but isn't in the Process Statement's sensitivity list File: C:/Users/Erica/Desktop/New folder (2)/a3/updowncounter/grayToDigits.vhd Line: 34
Warning (10492): VHDL Process Statement warning at grayToDigits.vhd(35): signal "A" is read inside the Process Statement but isn't in the Process Statement's sensitivity list File: C:/Users/Erica/Desktop/New folder (2)/a3/updowncounter/grayToDigits.vhd Line: 35
Warning (10492): VHDL Process Statement warning at grayToDigits.vhd(35): signal "B" is read inside the Process Statement but isn't in the Process Statement's sensitivity list File: C:/Users/Erica/Desktop/New folder (2)/a3/updowncounter/grayToDigits.vhd Line: 35
Warning (10492): VHDL Process Statement warning at grayToDigits.vhd(35): signal "C" is read inside the Process Statement but isn't in the Process Statement's sensitivity list File: C:/Users/Erica/Desktop/New folder (2)/a3/updowncounter/grayToDigits.vhd Line: 35
Warning (10492): VHDL Process Statement warning at grayToDigits.vhd(36): signal "A" is read inside the Process Statement but isn't in the Process Statement's sensitivity list File: C:/Users/Erica/Desktop/New folder (2)/a3/updowncounter/grayToDigits.vhd Line: 36
Warning (10492): VHDL Process Statement warning at grayToDigits.vhd(36): signal "B" is read inside the Process Statement but isn't in the Process Statement's sensitivity list File: C:/Users/Erica/Desktop/New folder (2)/a3/updowncounter/grayToDigits.vhd Line: 36
Warning (10492): VHDL Process Statement warning at grayToDigits.vhd(36): signal "C" is read inside the Process Statement but isn't in the Process Statement's sensitivity list File: C:/Users/Erica/Desktop/New folder (2)/a3/updowncounter/grayToDigits.vhd Line: 36
Warning (10492): VHDL Process Statement warning at grayToDigits.vhd(37): signal "A" is read inside the Process Statement but isn't in the Process Statement's sensitivity list File: C:/Users/Erica/Desktop/New folder (2)/a3/updowncounter/grayToDigits.vhd Line: 37
Warning (10492): VHDL Process Statement warning at grayToDigits.vhd(37): signal "B" is read inside the Process Statement but isn't in the Process Statement's sensitivity list File: C:/Users/Erica/Desktop/New folder (2)/a3/updowncounter/grayToDigits.vhd Line: 37
Warning (10492): VHDL Process Statement warning at grayToDigits.vhd(37): signal "C" is read inside the Process Statement but isn't in the Process Statement's sensitivity list File: C:/Users/Erica/Desktop/New folder (2)/a3/updowncounter/grayToDigits.vhd Line: 37
Warning (10492): VHDL Process Statement warning at grayToDigits.vhd(39): signal "g54" is read inside the Process Statement but isn't in the Process Statement's sensitivity list File: C:/Users/Erica/Desktop/New folder (2)/a3/updowncounter/grayToDigits.vhd Line: 39
Warning (10492): VHDL Process Statement warning at grayToDigits.vhd(41): signal "A" is read inside the Process Statement but isn't in the Process Statement's sensitivity list File: C:/Users/Erica/Desktop/New folder (2)/a3/updowncounter/grayToDigits.vhd Line: 41
Warning (10492): VHDL Process Statement warning at grayToDigits.vhd(41): signal "B" is read inside the Process Statement but isn't in the Process Statement's sensitivity list File: C:/Users/Erica/Desktop/New folder (2)/a3/updowncounter/grayToDigits.vhd Line: 41
Warning (10492): VHDL Process Statement warning at grayToDigits.vhd(42): signal "A" is read inside the Process Statement but isn't in the Process Statement's sensitivity list File: C:/Users/Erica/Desktop/New folder (2)/a3/updowncounter/grayToDigits.vhd Line: 42
Warning (10492): VHDL Process Statement warning at grayToDigits.vhd(42): signal "B" is read inside the Process Statement but isn't in the Process Statement's sensitivity list File: C:/Users/Erica/Desktop/New folder (2)/a3/updowncounter/grayToDigits.vhd Line: 42
Warning (10492): VHDL Process Statement warning at grayToDigits.vhd(42): signal "C" is read inside the Process Statement but isn't in the Process Statement's sensitivity list File: C:/Users/Erica/Desktop/New folder (2)/a3/updowncounter/grayToDigits.vhd Line: 42
Warning (10492): VHDL Process Statement warning at grayToDigits.vhd(43): signal "A" is read inside the Process Statement but isn't in the Process Statement's sensitivity list File: C:/Users/Erica/Desktop/New folder (2)/a3/updowncounter/grayToDigits.vhd Line: 43
Warning (10492): VHDL Process Statement warning at grayToDigits.vhd(43): signal "B" is read inside the Process Statement but isn't in the Process Statement's sensitivity list File: C:/Users/Erica/Desktop/New folder (2)/a3/updowncounter/grayToDigits.vhd Line: 43
Warning (10492): VHDL Process Statement warning at grayToDigits.vhd(43): signal "C" is read inside the Process Statement but isn't in the Process Statement's sensitivity list File: C:/Users/Erica/Desktop/New folder (2)/a3/updowncounter/grayToDigits.vhd Line: 43
Warning (10492): VHDL Process Statement warning at grayToDigits.vhd(44): signal "B" is read inside the Process Statement but isn't in the Process Statement's sensitivity list File: C:/Users/Erica/Desktop/New folder (2)/a3/updowncounter/grayToDigits.vhd Line: 44
Warning (10492): VHDL Process Statement warning at grayToDigits.vhd(44): signal "C" is read inside the Process Statement but isn't in the Process Statement's sensitivity list File: C:/Users/Erica/Desktop/New folder (2)/a3/updowncounter/grayToDigits.vhd Line: 44
Warning (10492): VHDL Process Statement warning at grayToDigits.vhd(44): signal "A" is read inside the Process Statement but isn't in the Process Statement's sensitivity list File: C:/Users/Erica/Desktop/New folder (2)/a3/updowncounter/grayToDigits.vhd Line: 44
Warning (10492): VHDL Process Statement warning at grayToDigits.vhd(45): signal "A" is read inside the Process Statement but isn't in the Process Statement's sensitivity list File: C:/Users/Erica/Desktop/New folder (2)/a3/updowncounter/grayToDigits.vhd Line: 45
Warning (10492): VHDL Process Statement warning at grayToDigits.vhd(45): signal "B" is read inside the Process Statement but isn't in the Process Statement's sensitivity list File: C:/Users/Erica/Desktop/New folder (2)/a3/updowncounter/grayToDigits.vhd Line: 45
Warning (10492): VHDL Process Statement warning at grayToDigits.vhd(45): signal "C" is read inside the Process Statement but isn't in the Process Statement's sensitivity list File: C:/Users/Erica/Desktop/New folder (2)/a3/updowncounter/grayToDigits.vhd Line: 45
Warning (10492): VHDL Process Statement warning at grayToDigits.vhd(47): signal "g54" is read inside the Process Statement but isn't in the Process Statement's sensitivity list File: C:/Users/Erica/Desktop/New folder (2)/a3/updowncounter/grayToDigits.vhd Line: 47
Warning (10492): VHDL Process Statement warning at grayToDigits.vhd(48): signal "A" is read inside the Process Statement but isn't in the Process Statement's sensitivity list File: C:/Users/Erica/Desktop/New folder (2)/a3/updowncounter/grayToDigits.vhd Line: 48
Warning (10492): VHDL Process Statement warning at grayToDigits.vhd(49): signal "A" is read inside the Process Statement but isn't in the Process Statement's sensitivity list File: C:/Users/Erica/Desktop/New folder (2)/a3/updowncounter/grayToDigits.vhd Line: 49
Warning (10492): VHDL Process Statement warning at grayToDigits.vhd(50): signal "A" is read inside the Process Statement but isn't in the Process Statement's sensitivity list File: C:/Users/Erica/Desktop/New folder (2)/a3/updowncounter/grayToDigits.vhd Line: 50
Warning (10492): VHDL Process Statement warning at grayToDigits.vhd(51): signal "A" is read inside the Process Statement but isn't in the Process Statement's sensitivity list File: C:/Users/Erica/Desktop/New folder (2)/a3/updowncounter/grayToDigits.vhd Line: 51
Warning (10492): VHDL Process Statement warning at grayToDigits.vhd(51): signal "B" is read inside the Process Statement but isn't in the Process Statement's sensitivity list File: C:/Users/Erica/Desktop/New folder (2)/a3/updowncounter/grayToDigits.vhd Line: 51
Warning (10492): VHDL Process Statement warning at grayToDigits.vhd(51): signal "C" is read inside the Process Statement but isn't in the Process Statement's sensitivity list File: C:/Users/Erica/Desktop/New folder (2)/a3/updowncounter/grayToDigits.vhd Line: 51
Warning (10492): VHDL Process Statement warning at grayToDigits.vhd(52): signal "B" is read inside the Process Statement but isn't in the Process Statement's sensitivity list File: C:/Users/Erica/Desktop/New folder (2)/a3/updowncounter/grayToDigits.vhd Line: 52
Warning (10492): VHDL Process Statement warning at grayToDigits.vhd(52): signal "C" is read inside the Process Statement but isn't in the Process Statement's sensitivity list File: C:/Users/Erica/Desktop/New folder (2)/a3/updowncounter/grayToDigits.vhd Line: 52
Warning (10492): VHDL Process Statement warning at grayToDigits.vhd(52): signal "A" is read inside the Process Statement but isn't in the Process Statement's sensitivity list File: C:/Users/Erica/Desktop/New folder (2)/a3/updowncounter/grayToDigits.vhd Line: 52
Warning (10492): VHDL Process Statement warning at grayToDigits.vhd(53): signal "A" is read inside the Process Statement but isn't in the Process Statement's sensitivity list File: C:/Users/Erica/Desktop/New folder (2)/a3/updowncounter/grayToDigits.vhd Line: 53
Warning (10492): VHDL Process Statement warning at grayToDigits.vhd(53): signal "C" is read inside the Process Statement but isn't in the Process Statement's sensitivity list File: C:/Users/Erica/Desktop/New folder (2)/a3/updowncounter/grayToDigits.vhd Line: 53
Warning (10492): VHDL Process Statement warning at grayToDigits.vhd(55): signal "g54" is read inside the Process Statement but isn't in the Process Statement's sensitivity list File: C:/Users/Erica/Desktop/New folder (2)/a3/updowncounter/grayToDigits.vhd Line: 55
Warning (10492): VHDL Process Statement warning at grayToDigits.vhd(57): signal "A" is read inside the Process Statement but isn't in the Process Statement's sensitivity list File: C:/Users/Erica/Desktop/New folder (2)/a3/updowncounter/grayToDigits.vhd Line: 57
Warning (10492): VHDL Process Statement warning at grayToDigits.vhd(57): signal "B" is read inside the Process Statement but isn't in the Process Statement's sensitivity list File: C:/Users/Erica/Desktop/New folder (2)/a3/updowncounter/grayToDigits.vhd Line: 57
Warning (10492): VHDL Process Statement warning at grayToDigits.vhd(58): signal "A" is read inside the Process Statement but isn't in the Process Statement's sensitivity list File: C:/Users/Erica/Desktop/New folder (2)/a3/updowncounter/grayToDigits.vhd Line: 58
Warning (10492): VHDL Process Statement warning at grayToDigits.vhd(58): signal "B" is read inside the Process Statement but isn't in the Process Statement's sensitivity list File: C:/Users/Erica/Desktop/New folder (2)/a3/updowncounter/grayToDigits.vhd Line: 58
Warning (10492): VHDL Process Statement warning at grayToDigits.vhd(58): signal "C" is read inside the Process Statement but isn't in the Process Statement's sensitivity list File: C:/Users/Erica/Desktop/New folder (2)/a3/updowncounter/grayToDigits.vhd Line: 58
Warning (10492): VHDL Process Statement warning at grayToDigits.vhd(59): signal "A" is read inside the Process Statement but isn't in the Process Statement's sensitivity list File: C:/Users/Erica/Desktop/New folder (2)/a3/updowncounter/grayToDigits.vhd Line: 59
Warning (10492): VHDL Process Statement warning at grayToDigits.vhd(59): signal "B" is read inside the Process Statement but isn't in the Process Statement's sensitivity list File: C:/Users/Erica/Desktop/New folder (2)/a3/updowncounter/grayToDigits.vhd Line: 59
Warning (10492): VHDL Process Statement warning at grayToDigits.vhd(59): signal "C" is read inside the Process Statement but isn't in the Process Statement's sensitivity list File: C:/Users/Erica/Desktop/New folder (2)/a3/updowncounter/grayToDigits.vhd Line: 59
Warning (10492): VHDL Process Statement warning at grayToDigits.vhd(60): signal "A" is read inside the Process Statement but isn't in the Process Statement's sensitivity list File: C:/Users/Erica/Desktop/New folder (2)/a3/updowncounter/grayToDigits.vhd Line: 60
Warning (10492): VHDL Process Statement warning at grayToDigits.vhd(60): signal "B" is read inside the Process Statement but isn't in the Process Statement's sensitivity list File: C:/Users/Erica/Desktop/New folder (2)/a3/updowncounter/grayToDigits.vhd Line: 60
Warning (10492): VHDL Process Statement warning at grayToDigits.vhd(60): signal "C" is read inside the Process Statement but isn't in the Process Statement's sensitivity list File: C:/Users/Erica/Desktop/New folder (2)/a3/updowncounter/grayToDigits.vhd Line: 60
Warning (10492): VHDL Process Statement warning at grayToDigits.vhd(61): signal "A" is read inside the Process Statement but isn't in the Process Statement's sensitivity list File: C:/Users/Erica/Desktop/New folder (2)/a3/updowncounter/grayToDigits.vhd Line: 61
Warning (10492): VHDL Process Statement warning at grayToDigits.vhd(61): signal "B" is read inside the Process Statement but isn't in the Process Statement's sensitivity list File: C:/Users/Erica/Desktop/New folder (2)/a3/updowncounter/grayToDigits.vhd Line: 61
Warning (10492): VHDL Process Statement warning at grayToDigits.vhd(61): signal "C" is read inside the Process Statement but isn't in the Process Statement's sensitivity list File: C:/Users/Erica/Desktop/New folder (2)/a3/updowncounter/grayToDigits.vhd Line: 61
Warning (10631): VHDL Process Statement warning at grayToDigits.vhd(20): inferring latch(es) for signal or variable "disp1", which holds its previous value in one or more paths through the process File: C:/Users/Erica/Desktop/New folder (2)/a3/updowncounter/grayToDigits.vhd Line: 20
Warning (10631): VHDL Process Statement warning at grayToDigits.vhd(20): inferring latch(es) for signal or variable "disp2", which holds its previous value in one or more paths through the process File: C:/Users/Erica/Desktop/New folder (2)/a3/updowncounter/grayToDigits.vhd Line: 20
Info (10041): Inferred latch for "disp2[1]" at grayToDigits.vhd(20) File: C:/Users/Erica/Desktop/New folder (2)/a3/updowncounter/grayToDigits.vhd Line: 20
Info (10041): Inferred latch for "disp2[2]" at grayToDigits.vhd(20) File: C:/Users/Erica/Desktop/New folder (2)/a3/updowncounter/grayToDigits.vhd Line: 20
Info (10041): Inferred latch for "disp2[3]" at grayToDigits.vhd(20) File: C:/Users/Erica/Desktop/New folder (2)/a3/updowncounter/grayToDigits.vhd Line: 20
Info (10041): Inferred latch for "disp1[0]" at grayToDigits.vhd(20) File: C:/Users/Erica/Desktop/New folder (2)/a3/updowncounter/grayToDigits.vhd Line: 20
Info (10041): Inferred latch for "disp1[1]" at grayToDigits.vhd(20) File: C:/Users/Erica/Desktop/New folder (2)/a3/updowncounter/grayToDigits.vhd Line: 20
Info (10041): Inferred latch for "disp1[2]" at grayToDigits.vhd(20) File: C:/Users/Erica/Desktop/New folder (2)/a3/updowncounter/grayToDigits.vhd Line: 20
Info (12128): Elaborating entity "digitToDisp" for hierarchy "digitToDisp:dd" File: C:/Users/Erica/Desktop/New folder (2)/a3/updowncounter/top.vhd Line: 78
Info (12128): Elaborating entity "selector" for hierarchy "selector:s" File: C:/Users/Erica/Desktop/New folder (2)/a3/updowncounter/top.vhd Line: 79
Warning (14026): LATCH primitive "grayToDigits:gd|disp2[1]" is permanently enabled File: C:/Users/Erica/Desktop/New folder (2)/a3/updowncounter/grayToDigits.vhd Line: 20
Warning (14026): LATCH primitive "grayToDigits:gd|disp2[2]" is permanently enabled File: C:/Users/Erica/Desktop/New folder (2)/a3/updowncounter/grayToDigits.vhd Line: 20
Warning (14026): LATCH primitive "grayToDigits:gd|disp2[3]" is permanently enabled File: C:/Users/Erica/Desktop/New folder (2)/a3/updowncounter/grayToDigits.vhd Line: 20
Warning (14026): LATCH primitive "grayToDigits:gd|disp1[0]" is permanently enabled File: C:/Users/Erica/Desktop/New folder (2)/a3/updowncounter/grayToDigits.vhd Line: 20
Info (13000): Registers with preset signals will power-up high File: C:/Users/Erica/Desktop/New folder (2)/a3/updowncounter/controller.vhd Line: 21
Info (13003): DEV_CLRn pin will set, and not reset, register with preset signal due to NOT Gate Push-Back
Warning (13004): Presettable and clearable registers converted to equivalent circuits with latches. Registers power-up to an undefined state, and DEVCLRn places the registers in an undefined state.
    Warning (13310): Register "binaryCtr:c|ctr[5]" is converted into an equivalent circuit using register "binaryCtr:c|ctr[5]~_emulated" and latch "binaryCtr:c|ctr[5]~1" File: C:/Users/Erica/Desktop/New folder (2)/a3/updowncounter/binaryCtr.vhd Line: 23
    Warning (13310): Register "binaryCtr:c|ctr[4]" is converted into an equivalent circuit using register "binaryCtr:c|ctr[4]~_emulated" and latch "binaryCtr:c|ctr[5]~1" File: C:/Users/Erica/Desktop/New folder (2)/a3/updowncounter/binaryCtr.vhd Line: 23
    Warning (13310): Register "binaryCtr:c|ctr[2]" is converted into an equivalent circuit using register "binaryCtr:c|ctr[2]~_emulated" and latch "binaryCtr:c|ctr[2]~7" File: C:/Users/Erica/Desktop/New folder (2)/a3/updowncounter/binaryCtr.vhd Line: 23
    Warning (13310): Register "controller:ct|ctlBus[0]" is converted into an equivalent circuit using register "controller:ct|ctlBus[0]~_emulated" and latch "controller:ct|ctlBus[0]~1" File: C:/Users/Erica/Desktop/New folder (2)/a3/updowncounter/controller.vhd Line: 21
Warning (13024): Output pins are stuck at VCC or GND
    Warning (13410): Pin "seg[2]" is stuck at VCC File: C:/Users/Erica/Desktop/New folder (2)/a3/updowncounter/top.vhd Line: 9
    Warning (13410): Pin "seg[3]" is stuck at VCC File: C:/Users/Erica/Desktop/New folder (2)/a3/updowncounter/top.vhd Line: 9
Info (286030): Timing-Driven Synthesis is running
Critical Warning (18061): Ignored Power-Up Level option on the following registers
    Critical Warning (18010): Register binaryCtr:c|ctr[3] will power up to High File: C:/Users/Erica/Desktop/New folder (2)/a3/updowncounter/binaryCtr.vhd Line: 23
    Critical Warning (18010): Register binaryCtr:c|ctr[1] will power up to High File: C:/Users/Erica/Desktop/New folder (2)/a3/updowncounter/binaryCtr.vhd Line: 23
Info (17049): 3 registers lost all their fanouts during netlist optimizations.
Info (16010): Generating hard_block partition "hard_block:auto_generated_inst"
    Info (16011): Adding 0 node(s), including 0 DDIO, 0 PLL, 0 transceiver and 0 LCELL
Warning (21074): Design contains 1 input pin(s) that do not drive logic
    Warning (15610): No output dependent on input pin "control[3]" File: C:/Users/Erica/Desktop/New folder (2)/a3/updowncounter/top.vhd Line: 5
Info (21057): Implemented 147 device resources after synthesis - the final resource count might be different
    Info (21058): Implemented 5 input pins
    Info (21059): Implemented 12 output pins
    Info (21061): Implemented 130 logic cells
Info: Quartus Prime Analysis & Synthesis was successful. 0 errors, 81 warnings
    Info: Peak virtual memory: 4803 megabytes
    Info: Processing ended: Tue Oct 15 09:47:40 2019
    Info: Elapsed time: 00:00:13
    Info: Total CPU time (on all processors): 00:00:20


